<?xml version="1.0" encoding="UTF-8"?>
<testsuite xmlns:xsi="http://www.w3.org/2001/XMLSchema-instance" xsi:noNamespaceSchemaLocation="https://maven.apache.org/surefire/maven-surefire-plugin/xsd/surefire-test-report-3.0.xsd" version="3.0" name="edu.rit.swen253.test.ClassSearchTest" time="0.001" tests="9" errors="0" skipped="9" failures="0">
  <properties/>
  <testcase name="navigateToClassSearchPage" classname="edu.rit.swen253.test.ClassSearchTest" time="0.0">
    <skipped message="class edu.rit.swen253.test.ClassSearchTest is @Disabled"/>
  </testcase>
  <testcase name="selectTerm" classname="edu.rit.swen253.test.ClassSearchTest" time="0.0">
    <skipped message="class edu.rit.swen253.test.ClassSearchTest is @Disabled"/>
  </testcase>
  <testcase name="searchCourseCode" classname="edu.rit.swen253.test.ClassSearchTest" time="0.0">
    <skipped message="class edu.rit.swen253.test.ClassSearchTest is @Disabled"/>
  </testcase>
  <testcase name="searchCourseNumber" classname="edu.rit.swen253.test.ClassSearchTest" time="0.0">
    <skipped message="class edu.rit.swen253.test.ClassSearchTest is @Disabled"/>
  </testcase>
  <testcase name="searchCourseName" classname="edu.rit.swen253.test.ClassSearchTest" time="0.0">
    <skipped message="class edu.rit.swen253.test.ClassSearchTest is @Disabled"/>
  </testcase>
  <testcase name="invalidCourseSearch" classname="edu.rit.swen253.test.ClassSearchTest" time="0.0">
    <skipped message="class edu.rit.swen253.test.ClassSearchTest is @Disabled"/>
  </testcase>
  <testcase name="advancedView" classname="edu.rit.swen253.test.ClassSearchTest" time="0.0">
    <skipped message="class edu.rit.swen253.test.ClassSearchTest is @Disabled"/>
  </testcase>
  <testcase name="getColleges" classname="edu.rit.swen253.test.ClassSearchTest" time="0.0">
    <skipped message="class edu.rit.swen253.test.ClassSearchTest is @Disabled"/>
  </testcase>
  <testcase name="getDepartments" classname="edu.rit.swen253.test.ClassSearchTest" time="0.0">
    <skipped message="class edu.rit.swen253.test.ClassSearchTest is @Disabled"/>
  </testcase>
</testsuite>